MyAudioPlayer/proguard/seeds.txt
com.example.myaudioplayer.BuildConfig: BuildConfig()
com.example.myaudioplayer.MainActivity
com.example.myaudioplayer.MainActivity: MainActivity()
com.example.myaudioplayer.MainActivity: void onCreate(android.os.Bundle)
com.example.myaudioplayer.MainActivity: void initViews()
com.example.myaudioplayer.MainActivity: void play()
com.example.myaudioplayer.MainActivity: void pause()
com.example.myaudioplayer.MainActivity: void startStreaming(java.lang.String)
com.example.myaudioplayer.MainActivity: void downloadAudioIncrement(java.lang.String)
com.example.myaudioplayer.MainActivity: void moveFile(java.io.File,java.io.File)
com.example.myaudioplayer.MainActivity: android.app.ProgressDialog createProgressDialog(android.content.Context)
com.example.myaudioplayer.MainActivity: void onDestroy()
com.example.myaudioplayer.MainActivity: void onBackPressed()
com.example.myaudioplayer.MainActivity: boolean isNetworkOnline()
com.example.myaudioplayer.MainActivity: void release()
com.example.myaudioplayer.MainActivity: void onNewIntent(android.content.Intent)
com.example.myaudioplayer.MainActivity$1: void run()
com.example.myaudioplayer.MainActivity$10: boolean onError(android.media.MediaPlayer,int,int)
com.example.myaudioplayer.MainActivity$11: void onCompletion(android.media.MediaPlayer)
com.example.myaudioplayer.MainActivity$12: void onStopTrackingTouch(android.widget.SeekBar)
com.example.myaudioplayer.MainActivity$12: void onStartTrackingTouch(android.widget.SeekBar)
com.example.myaudioplayer.MainActivity$12: void onProgressChanged(android.widget.SeekBar,int,boolean)
com.example.myaudioplayer.MainActivity$2: void onClick(android.view.View)
com.example.myaudioplayer.MainActivity$3: void onClick(android.view.View)
com.example.myaudioplayer.MainActivity$4: void onClick(android.content.DialogInterface,int)
com.example.myaudioplayer.MainActivity$5: void onClick(android.content.DialogInterface,int)
com.example.myaudioplayer.MainActivity$6: void run()
com.example.myaudioplayer.MainActivity$7: void run()
com.example.myaudioplayer.MainActivity$8: void run()
com.example.myaudioplayer.MainActivity$9: void run()
com.example.myaudioplayer.NetworkUtils: NetworkUtils()
com.example.myaudioplayer.NetworkUtils: boolean isOnline(android.content.Context)
com.example.myaudioplayer.R: R()
com.example.myaudioplayer.R$anim: R$anim()
com.example.myaudioplayer.R$attr: R$attr()
com.example.myaudioplayer.R$bool: R$bool()
com.example.myaudioplayer.R$color: R$color()
com.example.myaudioplayer.R$dimen: R$dimen()
com.example.myaudioplayer.R$drawable: R$drawable()
com.example.myaudioplayer.R$id: R$id()
com.example.myaudioplayer.R$integer: R$integer()
com.example.myaudioplayer.R$layout: R$layout()
com.example.myaudioplayer.R$menu: R$menu()
com.example.myaudioplayer.R$string: R$string()
com.example.myaudioplayer.R$style: R$style()
com.example.myaudioplayer.R$styleable: R$styleable()
...
android.support.v4.view.WindowInsetsCompatApi21: int getSystemWindowInsetLeft()
android.support.v4.view.WindowInsetsCompatApi21: int getSystemWindowInsetTop()
android.support.v4.view.WindowInsetsCompatApi21: int getSystemWindowInsetRight()
android.support.v4.view.WindowInsetsCompatApi21: int getSystemWindowInsetBottom()
android.support.v4.view.WindowInsetsCompatApi21: boolean hasSystemWindowInsets()
android.support.v4.view.WindowInsetsCompatApi21: boolean hasInsets()
android.support.v4.view.WindowInsetsCompatApi21: boolean isConsumed()
android.support.v4.view.WindowInsetsCompatApi21: boolean isRound()
android.support.v4.view.WindowInsetsCompatApi21: android.support.v4.view.WindowInsetsCompat consumeSystemWindowInsets()
android.support.v4.view.WindowInsetsCompatApi21: android.support.v4.view.WindowInsetsCompat replaceSystemWindowInsets(int,int,int,int)
android.support.v4.view.WindowInsetsCompatApi21: android.support.v4.view.WindowInsetsCompat replaceSystemWindowInsets(android.graphics.Rect)
android.support.v4.view.WindowInsetsCompatApi21: int getStableInsetTop()
android.support.v4.view.WindowInsetsCompatApi21: int getStableInsetLeft()
android.support.v4.view.WindowInsetsCompatApi21: int getStableInsetRight()
android.support.v4.view.WindowInsetsCompatApi21: int getStableInsetBottom()
android.support.v4.view.WindowInsetsCompatApi21: boolean hasStableInsets()
android.support.v4.view.WindowInsetsCompatApi21: android.support.v4.view.WindowInsetsCompat consumeStableInsets()
android.support.v4.view.accessibility.AccessibilityEventCompat: int getRecordCount(android.view.accessibility.AccessibilityEvent)
android.support.v4.view.accessibility.AccessibilityEventCompat: void appendRecord(android.view.accessibility.AccessibilityEvent,android.support.v4.view.accessibility.AccessibilityRecordCompat)
android.support.v4.view.accessibility.AccessibilityEventCompat: android.support.v4.view.accessibility.AccessibilityRecordCompat getRecord(android.view.accessibility.AccessibilityEvent,int)
android.support.v4.view.accessibility.AccessibilityEventCompat: android.support.v4.view.accessibility.AccessibilityRecordCompat asRecord(android.view.accessibility.AccessibilityEvent)
android.support.v4.view.accessibility.AccessibilityEventCompat$AccessibilityEventIcsImpl: void appendRecord(android.view.accessibility.AccessibilityEvent,java.lang.Object)
android.support.v4.view.accessibility.AccessibilityEventCompat$AccessibilityEventIcsImpl: java.lang.Object getRecord(android.view.accessibility.AccessibilityEvent,int)
android.support.v4.view.accessibility.AccessibilityEventCompat$AccessibilityEventIcsImpl: int getRecordCount(android.view.accessibility.AccessibilityEvent)
android.support.v4.view.accessibility.AccessibilityEventCompat$AccessibilityEventStubImpl: void appendRecord(android.view.accessibility.AccessibilityEvent,java.lang.Object)
android.support.v4.view.accessibility.AccessibilityEventCompat$AccessibilityEventStubImpl: java.lang.Object getRecord(android.view.accessibility.AccessibilityEvent,int)
android.support.v4.view.accessibility.AccessibilityEventCompat$AccessibilityEventStubImpl: int getRecordCount(android.view.accessibility.AccessibilityEvent)
android.support.v4.view.accessibility.AccessibilityEventCompat$AccessibilityEventVersionImpl: int getRecordCount(android.view.accessibility.AccessibilityEvent)
android.support.v4.view.accessibility.AccessibilityEventCompat$AccessibilityEventVersionImpl: void appendRecord(android.view.accessibility.AccessibilityEvent,java.lang.Object)
android.support.v4.view.accessibility.AccessibilityEventCompat$AccessibilityEventVersionImpl: java.lang.Object getRecord(android.view.accessibility.AccessibilityEvent,int)