MyAudioPlayer/proguard/mapping.txt
com.example.myaudioplayer.MainActivity -> com.example.myaudioplayer.MainActivity:
    java.io.File downloadingMediaFile -> o
    long mediaLengthInKb -> p
    int totalKbRead -> q
    android.media.MediaPlayer mediaPlayer -> r
    android.os.Handler handler -> s
    boolean isInterrupted -> t
    int counter -> u
    android.app.ProgressDialog dialog -> n
    android.widget.ImageView mPlayMedia -> v
    android.widget.ImageView mPauseMedia -> w
    android.widget.SeekBar mMediaSeekBar -> x
    android.widget.TextView mRunTime -> y
    android.widget.TextView mTotalTime -> z
    android.os.Handler mProgressUpdateHandler -> A
    java.lang.Runnable mUpdateProgress -> B
    void onCreate(android.os.Bundle) -> onCreate
    void initViews() -> initViews
    void play() -> play
    void setViewsVisibility(boolean) -> b
    void setPausable() -> a
    void startStreaming(java.lang.String) -> startStreaming
    void downloadAudioIncrement(java.lang.String) -> downloadAudioIncrement
    boolean validateNotInterrupted() -> b
    void setTotalTime() -> c
    void moveFile(java.io.File,java.io.File) -> moveFile
    android.media.MediaPlayer createMediaPlayer(java.io.File) -> a
    android.app.ProgressDialog createProgressDialog(android.content.Context) -> createProgressDialog
    void onDestroy() -> onDestroy
    void initMediaSeekBar() -> d
    void onBackPressed() -> onBackPressed
    void release() -> release
    void onNewIntent(android.content.Intent) -> onNewIntent
com.example.myaudioplayer.MainActivity$1 -> com.example.myaudioplayer.a:
    com.example.myaudioplayer.MainActivity this$0 -> a
    void run() -> run
com.example.myaudioplayer.MainActivity$10 -> com.example.myaudioplayer.b:
    com.example.myaudioplayer.MainActivity this$0 -> a
    boolean onError(android.media.MediaPlayer,int,int) -> onError
com.example.myaudioplayer.MainActivity$11 -> com.example.myaudioplayer.c:
    com.example.myaudioplayer.MainActivity this$0 -> a
    void onCompletion(android.media.MediaPlayer) -> onCompletion
com.example.myaudioplayer.MainActivity$12 -> com.example.myaudioplayer.d:
    com.example.myaudioplayer.MainActivity this$0 -> a
    void onStopTrackingTouch(android.widget.SeekBar) -> onStopTrackingTouch
    void onStartTrackingTouch(android.widget.SeekBar) -> onStartTrackingTouch
    void onProgressChanged(android.widget.SeekBar,int,boolean) -> onProgressChanged
com.example.myaudioplayer.MainActivity$2 -> com.example.myaudioplayer.e:
    com.example.myaudioplayer.MainActivity this$0 -> a
    void onClick(android.view.View) -> onClick
com.example.myaudioplayer.MainActivity$3 -> com.example.myaudioplayer.f:
    com.example.myaudioplayer.MainActivity this$0 -> a
    void onClick(android.view.View) -> onClick
com.example.myaudioplayer.MainActivity$4 -> com.example.myaudioplayer.g:
    com.example.myaudioplayer.MainActivity this$0 -> a
    void onClick(android.content.DialogInterface,int) -> onClick
com.example.myaudioplayer.MainActivity$5 -> com.example.myaudioplayer.h:
    com.example.myaudioplayer.MainActivity this$0 -> a
    void onClick(android.content.DialogInterface,int) -> onClick
com.example.myaudioplayer.MainActivity$6 -> com.example.myaudioplayer.i:
    com.example.myaudioplayer.MainActivity this$0 -> a
    java.lang.String val$mediaUrl -> b
    void run() -> run
com.example.myaudioplayer.MainActivity$7 -> com.example.myaudioplayer.j:
    com.example.myaudioplayer.MainActivity this$0 -> a
    void run() -> run
com.example.myaudioplayer.MainActivity$8 -> com.example.myaudioplayer.k:
    com.example.myaudioplayer.MainActivity this$0 -> a
    void run() -> run
com.example.myaudioplayer.MainActivity$9 -> com.example.myaudioplayer.l:
    com.example.myaudioplayer.MainActivity this$0 -> a
    void run() -> run
com.example.myaudioplayer.NetworkUtils -> com.example.myaudioplayer.m:
    boolean isOnline(android.content.Context) -> isOnline
...
android.support.v7.internal.view.menu.MenuItemWrapperJB$ActionProviderWrapperJB -> android.support.v7.internal.view.menu.u:
    android.support.v4.view.ActionProvider$VisibilityListener mListener -> c
    android.support.v7.internal.view.menu.MenuItemWrapperJB this$0 -> d
    android.view.View onCreateActionView(android.view.MenuItem) -> onCreateActionView
    boolean overridesItemVisibility() -> overridesItemVisibility
    boolean isVisible() -> isVisible
    void setVisibilityListener(android.support.v4.view.ActionProvider$VisibilityListener) -> setVisibilityListener
    void onActionProviderVisibilityChanged(boolean) -> onActionProviderVisibilityChanged
android.support.v7.internal.view.menu.MenuPopupHelper -> android.support.v7.internal.view.menu.v:
    int ITEM_LAYOUT -> a
    android.content.Context mContext -> c
    android.view.LayoutInflater mInflater -> d
    android.support.v7.internal.view.menu.MenuBuilder mMenu -> e
    android.support.v7.internal.view.menu.MenuPopupHelper$MenuAdapter mAdapter -> f
    boolean mOverflowOnly -> g
    int mPopupMaxWidth -> h
    int mPopupStyleAttr -> i
    int mPopupStyleRes -> j
    android.view.View mAnchorView -> k
    android.support.v7.widget.ListPopupWindow mPopup -> l
    android.view.ViewTreeObserver mTreeObserver -> m
    android.support.v7.internal.view.menu.MenuPresenter$Callback mPresenterCallback -> n
    boolean mForceShowIcon -> b
    android.view.ViewGroup mMeasureParent -> o
    boolean mHasContentWidth -> p
    int mContentWidth -> q
    int mDropDownGravity -> r
    void setAnchorView(android.view.View) -> setAnchorView
    void setForceShowIcon(boolean) -> setForceShowIcon
    void setGravity(int) -> setGravity
    void show() -> show
    android.support.v7.widget.ListPopupWindow getPopup() -> getPopup
    boolean tryShow() -> tryShow
    void dismiss() -> dismiss
    void onDismiss() -> onDismiss
    boolean isShowing() -> isShowing
    void onItemClick(android.widget.AdapterView,android.view.View,int,long) -> onItemClick
    boolean onKey(android.view.View,int,android.view.KeyEvent) -> onKey
    void onGlobalLayout() -> onGlobalLayout
android.support.v7.internal.view.menu.MenuPopupHelper$MenuAdapter -> android.support.v7.internal.view.menu.w:
    android.support.v7.internal.view.menu.MenuBuilder mAdapterMenu -> b
    int mExpandedIndex -> c
    android.support.v7.internal.view.menu.MenuPopupHelper this$0 -> a
    int getCount() -> getCount
    android.support.v7.internal.view.menu.MenuItemImpl getItem(int) -> getItem
    long getItemId(int) -> getItemId
    android.view.View getView(int,android.view.View,android.view.ViewGroup) -> getView
    void findExpandedIndex() -> a
    void notifyDataSetChanged() -> notifyDataSetChanged
    java.lang.Object getItem(int) -> getItem
    android.support.v7.internal.view.menu.MenuBuilder access$000(android.support.v7.internal.view.menu.MenuPopupHelper$MenuAdapter) -> a
android.support.v7.internal.view.menu.MenuPresenter -> android.support.v7.internal.view.menu.x:
    void initForMenu(android.content.Context,android.support.v7.internal.view.menu.MenuBuilder) -> initForMenu
    void updateMenuView(boolean) -> updateMenuView
    boolean onSubMenuSelected(android.support.v7.internal.view.menu.SubMenuBuilder) -> onSubMenuSelected
    void onCloseMenu(android.support.v7.internal.view.menu.MenuBuilder,boolean) -> onCloseMenu
    boolean flagActionItems() -> flagActionItems
    boolean expandItemActionView(android.support.v7.internal.view.menu.MenuBuilder,android.support.v7.internal.view.menu.MenuItemImpl) -> expandItemActionView
    boolean collapseItemActionView(android.support.v7.internal.view.menu.MenuBuilder,android.support.v7.internal.view.menu.MenuItemImpl) -> collapseItemActionView