MyAudioPlayer/proguard/usage.txt
com.example.myaudioplayer.BuildConfig
com.example.myaudioplayer.MainActivity:
    private static final int INTIAL_KB_BUFFER
    private long mediaLengthInSeconds
    private static final int AUDIO_PROGRESS_UPDATE_TIME
    private static final java.lang.String ERROR_PLAYVIEW_NULL
    private static final java.lang.String ERROR_PLAYTIME_CURRENT_NEGATIVE
    private static final java.lang.String ERROR_PLAYTIME_TOTAL_NEGATIVE
    185:193:public void pause()
    199:206:private void setPlayable()
    210:228:private void setViewsVisibility()
    695:710:public boolean isNetworkOnline()
com.example.myaudioplayer.R
com.example.myaudioplayer.R$anim
com.example.myaudioplayer.R$attr
com.example.myaudioplayer.R$bool
com.example.myaudioplayer.R$color
com.example.myaudioplayer.R$dimen
com.example.myaudioplayer.R$drawable
com.example.myaudioplayer.R$id
com.example.myaudioplayer.R$integer
com.example.myaudioplayer.R$layout
com.example.myaudioplayer.R$menu
com.example.myaudioplayer.R$string
com.example.myaudioplayer.R$style
com.example.myaudioplayer.R$styleable
...
android.support.v4.media.VolumeProviderCompatApi21$1
android.support.v4.media.VolumeProviderCompatApi21$Delegate
android.support.v4.media.routing.MediaRouterJellybean
android.support.v4.media.routing.MediaRouterJellybean$Callback
android.support.v4.media.routing.MediaRouterJellybean$CallbackProxy
android.support.v4.media.routing.MediaRouterJellybean$GetDefaultRouteWorkaround
android.support.v4.media.routing.MediaRouterJellybean$RouteCategory
android.support.v4.media.routing.MediaRouterJellybean$RouteGroup
android.support.v4.media.routing.MediaRouterJellybean$RouteInfo
android.support.v4.media.routing.MediaRouterJellybean$SelectRouteWorkaround
android.support.v4.media.routing.MediaRouterJellybean$UserRouteInfo
android.support.v4.media.routing.MediaRouterJellybean$VolumeCallback
android.support.v4.media.routing.MediaRouterJellybean$VolumeCallbackProxy
android.support.v4.media.routing.MediaRouterJellybeanMr1
android.support.v4.media.routing.MediaRouterJellybeanMr1$ActiveScanWorkaround
android.support.v4.media.routing.MediaRouterJellybeanMr1$Callback
android.support.v4.media.routing.MediaRouterJellybeanMr1$CallbackProxy
android.support.v4.media.routing.MediaRouterJellybeanMr1$IsConnectingWorkaround
android.support.v4.media.routing.MediaRouterJellybeanMr1$RouteInfo
android.support.v4.media.routing.MediaRouterJellybeanMr2
android.support.v4.media.routing.MediaRouterJellybeanMr2$RouteInfo
android.support.v4.media.routing.MediaRouterJellybeanMr2$UserRouteInfo
android.support.v4.media.session.MediaControllerCompat
android.support.v4.media.session.MediaControllerCompat$1
android.support.v4.media.session.MediaControllerCompat$Callback
android.support.v4.media.session.MediaControllerCompat$Callback$StubApi21
android.support.v4.media.session.MediaControllerCompat$MediaControllerImpl
android.support.v4.media.session.MediaControllerCompat$MediaControllerImplApi21
android.support.v4.media.session.MediaControllerCompat$MediaControllerImplBase
android.support.v4.media.session.MediaControllerCompat$PlaybackInfo
android.support.v4.media.session.MediaControllerCompat$TransportControls
android.support.v4.media.session.MediaControllerCompat$TransportControlsApi21
android.support.v4.media.session.MediaControllerCompatApi21
android.support.v4.media.session.MediaControllerCompatApi21$Callback
android.support.v4.media.session.MediaControllerCompatApi21$CallbackProxy
android.support.v4.media.session.MediaControllerCompatApi21$PlaybackInfo
android.support.v4.media.session.MediaControllerCompatApi21$TransportControls
android.support.v4.media.session.MediaSessionCompat:
    private final android.support.v4.media.session.MediaSessionCompat$MediaSessionImpl mImpl
    public static final int FLAG_HANDLES_MEDIA_BUTTONS
    public static final int FLAG_HANDLES_TRANSPORT_CONTROLS
    79:92:public MediaSessionCompat(android.content.Context,java.lang.String)
    94:96:private MediaSessionCompat(android.support.v4.media.session.MediaSessionCompat$MediaSessionImpl)
    106:107:public void setCallback(android.support.v4.media.session.MediaSessionCompat$Callback)
    118:119:public void setCallback(android.support.v4.media.session.MediaSessionCompat$Callback,android.os.Handler)
    127:128:public void setFlags(int)
    141:142:public void setPlaybackToLocal(int)
    155:159:public void setPlaybackToRemote(android.support.v4.media.VolumeProviderCompat)
    170:171:public void setActive(boolean)
    179:179:public boolean isActive()
    191:195:public void sendSessionEvent(java.lang.String,android.os.Bundle)
    203:204:public void release()
    215:215:public android.support.v4.media.session.MediaSessionCompat$Token getSessionToken()
    224:225:public void setPlaybackState(android.support.v4.media.session.PlaybackStateCompat)
    234:235:public void setMetadata(android.support.v4.media.MediaMetadataCompat)
    247:247:public java.lang.Object getMediaSession()
    258:258:public static android.support.v4.media.session.MediaSessionCompat obtain(java.lang.Object)